2023-09-23 15:36:22.108 [info] Extension host with pid 86053 started
2023-09-23 15:36:22.289 [info] ExtensionService#_doActivateExtension vscode.git-base, startup: true, activationEvent: '*', root cause: vscode.git
2023-09-23 15:36:22.294 [info] ExtensionService#_doActivateExtension firsttris.vscode-jest-runner, startup: true, activationEvent: '*'
2023-09-23 15:36:22.431 [info] ExtensionService#_doActivateExtension vscode.git, startup: true, activationEvent: '*'
2023-09-23 15:36:22.584 [info] ExtensionService#_doActivateExtension vscode.github, startup: true, activationEvent: '*'
2023-09-23 15:36:23.012 [info] Eager extensions activated
2023-09-23 15:36:23.069 [info] ExtensionService#_doActivateExtension vscode.github-authentication, startup: false, activationEvent: 'onAuthenticationRequest:github'
2023-09-23 15:36:23.203 [info] ExtensionService#_doActivateExtension vscode.debug-auto-launch, startup: false, activationEvent: 'onStartupFinished'
2023-09-23 15:36:23.206 [info] ExtensionService#_doActivateExtension vscode.merge-conflict, startup: false, activationEvent: 'onStartupFinished'
2023-09-23 15:36:23.219 [info] ExtensionService#_doActivateExtension BrandonKirbyson.vscode-animations, startup: false, activationEvent: 'onStartupFinished'
2023-09-23 15:36:23.221 [info] ExtensionService#_doActivateExtension dbaeumer.vscode-eslint, startup: false, activationEvent: 'onStartupFinished'
2023-09-23 15:36:23.348 [info] ExtensionService#_doActivateExtension drcika.apc-extension, startup: false, activationEvent: 'onStartupFinished'
2023-09-23 15:36:23.437 [info] ExtensionService#_doActivateExtension esbenp.prettier-vscode, startup: false, activationEvent: 'onStartupFinished'
2023-09-23 15:36:23.574 [info] ExtensionService#_doActivateExtension nrwl.angular-console, startup: false, activationEvent: 'onStartupFinished'
2023-09-23 15:36:24.817 [info] ExtensionService#_doActivateExtension PKief.material-icon-theme, startup: false, activationEvent: 'onStartupFinished'
2023-09-23 15:36:25.521 [info] ExtensionService#_doActivateExtension vscode.typescript-language-features, startup: false, activationEvent: 'api', root cause: nrwl.angular-console
2023-09-23 15:36:27.256 [info] ExtensionService#_doActivateExtension vscode.microsoft-authentication, startup: false, activationEvent: 'onAuthenticationRequest:microsoft'
2023-09-23 15:36:33.592 [info] Extension host terminating: renderer closed the MessagePort
2023-09-23 15:36:37.912 [info] Extension host with pid 86087 started
2023-09-23 15:36:37.912 [info] Skipping acquiring lock for /Users/dave/projects/casinoapp/~/.vscode-root/User/workspaceStorage/9c26310cdb97f2b71215555b7154adc1.
2023-09-23 15:36:38.181 [info] ExtensionService#_doActivateExtension vscode.git-base, startup: true, activationEvent: '*', root cause: vscode.git
2023-09-23 15:36:38.187 [info] ExtensionService#_doActivateExtension firsttris.vscode-jest-runner, startup: true, activationEvent: '*'
2023-09-23 15:36:38.229 [info] ExtensionService#_doActivateExtension vscode.npm, startup: true, activationEvent: 'workspaceContains:package.json'
2023-09-23 15:36:38.415 [info] ExtensionService#_doActivateExtension vscode.git, startup: true, activationEvent: '*'
2023-09-23 15:36:38.493 [info] ExtensionService#_doActivateExtension vscode.github, startup: true, activationEvent: '*'
2023-09-23 15:36:38.610 [info] Extension host with pid 86053 exiting with code 0
2023-09-23 15:36:39.085 [info] Eager extensions activated
2023-09-23 15:36:39.292 [info] ExtensionService#_doActivateExtension vscode.debug-auto-launch, startup: false, activationEvent: 'onStartupFinished'
2023-09-23 15:36:39.296 [info] ExtensionService#_doActivateExtension vscode.merge-conflict, startup: false, activationEvent: 'onStartupFinished'
2023-09-23 15:36:39.310 [info] ExtensionService#_doActivateExtension BrandonKirbyson.vscode-animations, startup: false, activationEvent: 'onStartupFinished'
2023-09-23 15:36:39.315 [info] ExtensionService#_doActivateExtension dbaeumer.vscode-eslint, startup: false, activationEvent: 'onStartupFinished'
2023-09-23 15:36:39.421 [info] ExtensionService#_doActivateExtension drcika.apc-extension, startup: false, activationEvent: 'onStartupFinished'
2023-09-23 15:36:39.443 [info] ExtensionService#_doActivateExtension esbenp.prettier-vscode, startup: false, activationEvent: 'onStartupFinished'
2023-09-23 15:36:39.598 [info] ExtensionService#_doActivateExtension nrwl.angular-console, startup: false, activationEvent: 'onStartupFinished'
2023-09-23 15:36:40.629 [info] ExtensionService#_doActivateExtension PKief.material-icon-theme, startup: false, activationEvent: 'onStartupFinished'
2023-09-23 15:36:41.347 [info] ExtensionService#_doActivateExtension vscode.typescript-language-features, startup: false, activationEvent: 'api', root cause: nrwl.angular-console
2023-09-23 15:36:43.391 [info] ExtensionService#_doActivateExtension vscode.github-authentication, startup: false, activationEvent: 'onAuthenticationRequest:github'
2023-09-23 15:36:43.835 [info] ExtensionService#_doActivateExtension vscode.microsoft-authentication, startup: false, activationEvent: 'onAuthenticationRequest:microsoft'
2023-09-23 15:37:10.956 [info] Extension host terminating: renderer closed the MessagePort
2023-09-23 15:37:15.975 [info] Extension host with pid 86087 exiting with code 0
